00:44:46 **** Incremental Build of configuration Nios II for project camera_sys ****
make all 
Info: Building ../camera_sys_bsp/
C:/intelFPGA_lite/18.1/nios2eds/bin/gnu/H-x86_64-mingw32/bin/make --no-print-directory -C ../camera_sys_bsp/
[BSP build complete]
[camera_sys build complete]
00:44:53 **** Build of configuration Nios II for project camera_sys ****
make all 
Info: Building ../camera_sys_bsp/
C:/intelFPGA_lite/18.1/nios2eds/bin/gnu/H-x86_64-mingw32/bin/make --no-print-directory -C ../camera_sys_bsp/
[BSP build complete]
[camera_sys build complete]
00:44:54 **** Incremental Build of configuration Nios II for project camera_sys ****
make all 
Info: Building ../camera_sys_bsp/
C:/intelFPGA_lite/18.1/nios2eds/bin/gnu/H-x86_64-mingw32/bin/make --no-print-directory -C ../camera_sys_bsp/
[BSP build complete]
[camera_sys build complete]
00:45:33 **** Build of configuration Nios II for project camera_sys ****
make all 
Info: Building ../camera_sys_bsp/
C:/intelFPGA_lite/18.1/nios2eds/bin/gnu/H-x86_64-mingw32/bin/make --no-print-directory -C ../camera_sys_bsp/
[BSP build complete]
[camera_sys build complete]
00:45:33 **** Incremental Build of configuration Nios II for project camera_sys ****
make all 
Info: Building ../camera_sys_bsp/
C:/intelFPGA_lite/18.1/nios2eds/bin/gnu/H-x86_64-mingw32/bin/make --no-print-directory -C ../camera_sys_bsp/
[BSP build complete]
[camera_sys build complete]
00:46:33 **** Build of configuration Nios II for project camera_sys ****
make all 
Info: Building ../camera_sys_bsp/
C:/intelFPGA_lite/18.1/nios2eds/bin/gnu/H-x86_64-mingw32/bin/make --no-print-directory -C ../camera_sys_bsp/
[BSP build complete]
[camera_sys build complete]
00:46:34 **** Incremental Build of configuration Nios II for project camera_sys ****
make all 
Info: Building ../camera_sys_bsp/
C:/intelFPGA_lite/18.1/nios2eds/bin/gnu/H-x86_64-mingw32/bin/make --no-print-directory -C ../camera_sys_bsp/
[BSP build complete]
[camera_sys build complete]
